bdvanceswitch/build/intermediates/manifest_merge_blame_file/debug/manifest-merger-blame-debug-report.txt
1<?xml version="1.0" encoding="utf-8"?>
2<manifest xmlns:android="http://schemas.android.com/apk/res/android"
3    package="com.superadtech.modids" >
4
5    <uses-sdk
6        android:minSdkVersion="21"
6-->src\main\AndroidManifest.xml
7        android:targetSdkVersion="33" />
7-->src\main\AndroidManifest.xml
8
9    <uses-permission android:name="android.permission.INTERNET" />
9-->src\main\AndroidManifest.xml:5:5-67
9-->src\main\AndroidManifest.xml:5:22-64
10    <uses-permission android:name="android.permission.ACCESS_NETWORK_STATE" />
10-->src\main\AndroidManifest.xml:6:5-79
10-->src\main\AndroidManifest.xml:6:22-76
11    <uses-permission android:name="android.permission.ACCESS_WIFI_STATE" />
11-->src\main\AndroidManifest.xml:7:5-76
11-->src\main\AndroidManifest.xml:7:22-73
12    <uses-permission android:name="com.google.android.gms.permission.AD_ID" />
12-->src\main\AndroidManifest.xml:8:5-78
12-->src\main\AndroidManifest.xml:8:22-76
13    <uses-permission android:name="com.google.android.finsky.permission.BIND_GET_INSTALL_REFERRER_SERVICE" />
13-->src\main\AndroidManifest.xml:9:5-110
13-->src\main\AndroidManifest.xml:9:22-107
14
15    <application
15-->src\main\AndroidManifest.xml:12:5-28:19
16        android:name="com.superadtech.modids.Applicationclass"
16-->src\main\AndroidManifest.xml:13:9-63
17        android:allowBackup="true"
17-->src\main\AndroidManifest.xml:14:9-35
18        android:icon="@drawable/logo"
18-->src\main\AndroidManifest.xml:15:9-38
19        android:label="@string/app_name"
19-->src\main\AndroidManifest.xml:16:9-41
20        android:roundIcon="@drawable/logo"
20-->src\main\AndroidManifest.xml:17:9-43
21        android:supportsRtl="true" >
21-->src\main\AndroidManifest.xml:18:9-35
22        <meta-data
22-->src\main\AndroidManifest.xml:20:9-22:36
23            android:name="com.google.android.gms.ads.AD_MANAGER_APP"
23-->src\main\AndroidManifest.xml:21:13-69
24            android:value="true" />
24-->src\main\AndroidManifest.xml:22:13-33
25        <meta-data
25-->src\main\AndroidManifest.xml:24:9-26:69
26            android:name="com.google.android.gms.ads.APPLICATION_ID"
26-->src\main\AndroidManifest.xml:25:13-69
27            android:value="ca-app-pub-3940256099942544~3347511713" />
27-->src\main\AndroidManifest.xml:26:13-67
28    </application>
29
30</manifest>